# JRE version: OpenJDK Runtime Environment (16.0.1+9) (build 16.0.1+9-24)
# Java VM: OpenJDK 64-Bit Server VM (16.0.1+9-24, mixed mode, sharing, tiered, compressed oops, compressed class ptrs, g1 gc, windows-amd64)
GC Precious Log:
 CPUs: 4 total, 4 available
 Memory: 8101M
 Large Page Support: Disabled
 NUMA Support: Disabled
 Compressed Oops: Enabled (32-bit)
 Heap Region Size: 1M
 Heap Min Capacity: 8M
 Heap Initial Capacity: 128M
 Heap Max Capacity: 2026M
 Pre-touch: Disabled
 Parallel Workers: 4
 Concurrent Workers: 1
 Concurrent Refinement Workers: 4
 Periodic GC: Disabled
Heap:
 garbage-first heap   total 106496K, used 68444K [0x0000000081600000, 0x0000000100000000)
  region size 1024K, 25 young (25600K), 1 survivors (1024K)
 Metaspace       used 62956K, committed 63424K, reserved 1105920K
  class space    used 8143K, committed 8384K, reserved 1048576K
GC Heap History (20 events):
Event: 35.459 GC heap before
{Heap before GC invocations=17 (full 0):
 garbage-first heap   total 61440K, used 49627K [0x0000000081600000, 0x0000000100000000)
  region size 1024K, 25 young (25600K), 3 survivors (3072K)
 Metaspace       used 59163K, committed 59520K, reserved 1105920K
  class space    used 7680K, committed 7872K, reserved 1048576K
}
Event: 35.468 GC heap after
{Heap after GC invocations=18 (full 0):
 garbage-first heap   total 61440K, used 28576K [0x0000000081600000, 0x0000000100000000)
  region size 1024K, 3 young (3072K), 3 survivors (3072K)
 Metaspace       used 59163K, committed 59520K, reserved 1105920K
  class space    used 7680K, committed 7872K, reserved 1048576K
}
Event: 35.676 GC heap before
{Heap before GC invocations=18 (full 0):
 garbage-first heap   total 61440K, used 31648K [0x0000000081600000, 0x0000000100000000)
  region size 1024K, 7 young (7168K), 3 survivors (3072K)
 Metaspace       used 59613K, committed 59968K, reserved 1105920K
  class space    used 7735K, committed 7936K, reserved 1048576K
}
Event: 35.683 GC heap after
{Heap after GC invocations=19 (full 0):
 garbage-first heap   total 61440K, used 28859K [0x0000000081600000, 0x0000000100000000)
  region size 1024K, 2 young (2048K), 2 survivors (2048K)
 Metaspace       used 59613K, committed 59968K, reserved 1105920K
  class space    used 7735K, committed 7936K, reserved 1048576K
}
Event: 36.111 GC heap before
{Heap before GC invocations=20 (full 0):
 garbage-first heap   total 61440K, used 41147K [0x0000000081600000, 0x0000000100000000)
  region size 1024K, 15 young (15360K), 2 survivors (2048K)
 Metaspace       used 60141K, committed 60544K, reserved 1105920K
  class space    used 7806K, committed 8000K, reserved 1048576K
}
Event: 36.118 GC heap after
{Heap after GC invocations=21 (full 0):
 garbage-first heap   total 61440K, used 31071K [0x0000000081600000, 0x0000000100000000)
  region size 1024K, 3 young (3072K), 3 survivors (3072K)
 Metaspace       used 60141K, committed 60544K, reserved 1105920K
  class space    used 7806K, committed 8000K, reserved 1048576K
}
Event: 36.402 GC heap before
{Heap before GC invocations=22 (full 0):
 garbage-first heap   total 70656K, used 49503K [0x0000000081600000, 0x0000000100000000)
  region size 1024K, 20 young (20480K), 3 survivors (3072K)
 Metaspace       used 60156K, committed 60544K, reserved 1105920K
  class space    used 7806K, committed 8000K, reserved 1048576K
}
Event: 36.409 GC heap after
{Heap after GC invocations=23 (full 0):
 garbage-first heap   total 70656K, used 34760K [0x0000000081600000, 0x0000000100000000)
  region size 1024K, 3 young (3072K), 3 survivors (3072K)
 Metaspace       used 60156K, committed 60544K, reserved 1105920K
  class space    used 7806K, committed 8000K, reserved 1048576K
}
Event: 36.638 GC heap before
{Heap before GC invocations=23 (full 0):
 garbage-first heap   total 70656K, used 48072K [0x0000000081600000, 0x0000000100000000)
  region size 1024K, 17 young (17408K), 3 survivors (3072K)
 Metaspace       used 60272K, committed 60672K, reserved 1105920K
  class space    used 7817K, committed 8000K, reserved 1048576K
}
Event: 36.647 GC heap after
{Heap after GC invocations=24 (full 0):
 garbage-first heap   total 70656K, used 38967K [0x0000000081600000, 0x0000000100000000)
  region size 1024K, 3 young (3072K), 3 survivors (3072K)
 Metaspace       used 60272K, committed 60672K, reserved 1105920K
  class space    used 7817K, committed 8000K, reserved 1048576K
}
Event: 36.883 GC heap before
{Heap before GC invocations=24 (full 0):
 garbage-first heap   total 70656K, used 54327K [0x0000000081600000, 0x0000000100000000)
  region size 1024K, 17 young (17408K), 3 survivors (3072K)
 Metaspace       used 60309K, committed 60736K, reserved 1105920K
  class space    used 7817K, committed 8000K, reserved 1048576K
}
Event: 36.892 GC heap after
{Heap after GC invocations=25 (full 0):
 garbage-first heap   total 70656K, used 42576K [0x0000000081600000, 0x0000000100000000)
  region size 1024K, 3 young (3072K), 3 survivors (3072K)
 Metaspace       used 60309K, committed 60736K, reserved 1105920K
  class space    used 7817K, committed 8000K, reserved 1048576K
}
Event: 37.217 GC heap before
{Heap before GC invocations=26 (full 0):
 garbage-first heap   total 76800K, used 53840K [0x0000000081600000, 0x0000000100000000)
  region size 1024K, 15 young (15360K), 3 survivors (3072K)
 Metaspace       used 60316K, committed 60736K, reserved 1105920K
  class space    used 7817K, committed 8000K, reserved 1048576K
}
Event: 37.226 GC heap after
{Heap after GC invocations=27 (full 0):
 garbage-first heap   total 76800K, used 45118K [0x0000000081600000, 0x0000000100000000)
  region size 1024K, 2 young (2048K), 2 survivors (2048K)
 Metaspace       used 60316K, committed 60736K, reserved 1105920K
  class space    used 7817K, committed 8000K, reserved 1048576K
}
Event: 37.501 GC heap before
{Heap before GC invocations=27 (full 0):
 garbage-first heap   total 76800K, used 55358K [0x0000000081600000, 0x0000000100000000)
  region size 1024K, 14 young (14336K), 2 survivors (2048K)
 Metaspace       used 60357K, committed 60736K, reserved 1105920K
  class space    used 7817K, committed 8000K, reserved 1048576K
}
Event: 37.510 GC heap after
{Heap after GC invocations=28 (full 0):
 garbage-first heap   total 106496K, used 49411K [0x0000000081600000, 0x0000000100000000)
  region size 1024K, 2 young (2048K), 2 survivors (2048K)
 Metaspace       used 60357K, committed 60736K, reserved 1105920K
  class space    used 7817K, committed 8000K, reserved 1048576K
}
Event: 37.838 GC heap before
{Heap before GC invocations=29 (full 0):
 garbage-first heap   total 106496K, used 71939K [0x0000000081600000, 0x0000000100000000)
  region size 1024K, 26 young (26624K), 2 survivors (2048K)
 Metaspace       used 60392K, committed 60800K, reserved 1105920K
  class space    used 7817K, committed 8000K, reserved 1048576K
}
Event: 37.850 GC heap after
{Heap after GC invocations=30 (full 0):
 garbage-first heap   total 106496K, used 52747K [0x0000000081600000, 0x0000000100000000)
  region size 1024K, 4 young (4096K), 4 survivors (4096K)
 Metaspace       used 60392K, committed 60800K, reserved 1105920K
  class space    used 7817K, committed 8000K, reserved 1048576K
}
Event: 37.943 GC heap before
{Heap before GC invocations=30 (full 0):
 garbage-first heap   total 106496K, used 53771K [0x0000000081600000, 0x0000000100000000)
  region size 1024K, 5 young (5120K), 4 survivors (4096K)
 Metaspace       used 60392K, committed 60800K, reserved 1105920K
  class space    used 7817K, committed 8000K, reserved 1048576K
}
Event: 37.953 GC heap after
{Heap after GC invocations=31 (full 0):
 garbage-first heap   total 106496K, used 44892K [0x0000000081600000, 0x0000000100000000)
  region size 1024K, 1 young (1024K), 1 survivors (1024K)
 Metaspace       used 60392K, committed 60800K, reserved 1105920K
  class space    used 7817K, committed 8000K, reserved 1048576K
}

