# JRE version: OpenJDK Runtime Environment (16.0.1+9) (build 16.0.1+9-24)
# Java VM: OpenJDK 64-Bit Server VM (16.0.1+9-24, mixed mode, sharing, tiered, compressed oops, compressed class ptrs, g1 gc, windows-amd64)
GC Precious Log:
 CPUs: 4 total, 4 available
 Memory: 8101M
 Large Page Support: Disabled
 NUMA Support: Disabled
 Compressed Oops: Enabled (32-bit)
 Heap Region Size: 1M
 Heap Min Capacity: 8M
 Heap Initial Capacity: 128M
 Heap Max Capacity: 2026M
 Pre-touch: Disabled
 Parallel Workers: 4
 Concurrent Workers: 1
 Concurrent Refinement Workers: 4
 Periodic GC: Disabled
Heap:
 garbage-first heap   total 133120K, used 98690K [0x0000000081600000, 0x0000000100000000)
  region size 1024K, 42 young (43008K), 7 survivors (7168K)
 Metaspace       used 32107K, committed 32448K, reserved 1081344K
  class space    used 3354K, committed 3520K, reserved 1048576K
GC Heap History (20 events):
Event: 64.721 GC heap before
{Heap before GC invocations=11 (full 0):
 garbage-first heap   total 92160K, used 71390K [0x0000000081600000, 0x0000000100000000)
  region size 1024K, 29 young (29696K), 2 survivors (2048K)
 Metaspace       used 27343K, committed 27648K, reserved 1081344K
  class space    used 2912K, committed 3072K, reserved 1048576K
}
Event: 64.731 GC heap after
{Heap after GC invocations=12 (full 0):
 garbage-first heap   total 92160K, used 44477K [0x0000000081600000, 0x0000000100000000)
  region size 1024K, 2 young (2048K), 2 survivors (2048K)
 Metaspace       used 27343K, committed 27648K, reserved 1081344K
  class space    used 2912K, committed 3072K, reserved 1048576K
}
Event: 65.371 GC heap before
{Heap before GC invocations=13 (full 0):
 garbage-first heap   total 92160K, used 74173K [0x0000000081600000, 0x0000000100000000)
  region size 1024K, 31 young (31744K), 2 survivors (2048K)
 Metaspace       used 27387K, committed 27712K, reserved 1081344K
  class space    used 2915K, committed 3072K, reserved 1048576K
}
Event: 65.382 GC heap after
{Heap after GC invocations=14 (full 0):
 garbage-first heap   total 92160K, used 44669K [0x0000000081600000, 0x0000000100000000)
  region size 1024K, 2 young (2048K), 2 survivors (2048K)
 Metaspace       used 27387K, committed 27712K, reserved 1081344K
  class space    used 2915K, committed 3072K, reserved 1048576K
}
Event: 67.388 GC heap before
{Heap before GC invocations=14 (full 0):
 garbage-first heap   total 92160K, used 75389K [0x0000000081600000, 0x0000000100000000)
  region size 1024K, 32 young (32768K), 2 survivors (2048K)
 Metaspace       used 27691K, committed 27968K, reserved 1081344K
  class space    used 2918K, committed 3072K, reserved 1048576K
}
Event: 67.399 GC heap after
{Heap after GC invocations=15 (full 0):
 garbage-first heap   total 92160K, used 44945K [0x0000000081600000, 0x0000000100000000)
  region size 1024K, 3 young (3072K), 3 survivors (3072K)
 Metaspace       used 27691K, committed 27968K, reserved 1081344K
  class space    used 2918K, committed 3072K, reserved 1048576K
}
Event: 67.980 GC heap before
{Heap before GC invocations=16 (full 0):
 garbage-first heap   total 92160K, used 54161K [0x0000000081600000, 0x0000000100000000)
  region size 1024K, 13 young (13312K), 3 survivors (3072K)
 Metaspace       used 27803K, committed 28096K, reserved 1081344K
  class space    used 2932K, committed 3072K, reserved 1048576K
}
Event: 67.992 GC heap after
{Heap after GC invocations=17 (full 0):
 garbage-first heap   total 92160K, used 44963K [0x0000000081600000, 0x0000000100000000)
  region size 1024K, 3 young (3072K), 3 survivors (3072K)
 Metaspace       used 27803K, committed 28096K, reserved 1081344K
  class space    used 2932K, committed 3072K, reserved 1048576K
}
Event: 71.931 GC heap before
{Heap before GC invocations=18 (full 0):
 garbage-first heap   total 92160K, used 63395K [0x0000000081600000, 0x0000000100000000)
  region size 1024K, 21 young (21504K), 3 survivors (3072K)
 Metaspace       used 29419K, committed 29696K, reserved 1081344K
  class space    used 3096K, committed 3200K, reserved 1048576K
}
Event: 71.948 GC heap after
{Heap after GC invocations=19 (full 0):
 garbage-first heap   total 92160K, used 46388K [0x0000000081600000, 0x0000000100000000)
  region size 1024K, 4 young (4096K), 4 survivors (4096K)
 Metaspace       used 29419K, committed 29696K, reserved 1081344K
  class space    used 3096K, committed 3200K, reserved 1048576K
}
Event: 72.012 GC heap before
{Heap before GC invocations=19 (full 0):
 garbage-first heap   total 92160K, used 75060K [0x0000000081600000, 0x0000000100000000)
  region size 1024K, 32 young (32768K), 4 survivors (4096K)
 Metaspace       used 29419K, committed 29696K, reserved 1081344K
  class space    used 3096K, committed 3200K, reserved 1048576K
}
Event: 72.027 GC heap after
{Heap after GC invocations=20 (full 0):
 garbage-first heap   total 92160K, used 47618K [0x0000000081600000, 0x0000000100000000)
  region size 1024K, 3 young (3072K), 3 survivors (3072K)
 Metaspace       used 29419K, committed 29696K, reserved 1081344K
  class space    used 3096K, committed 3200K, reserved 1048576K
}
Event: 73.300 GC heap before
{Heap before GC invocations=21 (full 0):
 garbage-first heap   total 97280K, used 77314K [0x0000000081600000, 0x0000000100000000)
  region size 1024K, 30 young (30720K), 3 survivors (3072K)
 Metaspace       used 29452K, committed 29760K, reserved 1081344K
  class space    used 3096K, committed 3200K, reserved 1048576K
}
Event: 73.317 GC heap after
{Heap after GC invocations=22 (full 0):
 garbage-first heap   total 97280K, used 56408K [0x0000000081600000, 0x0000000100000000)
  region size 1024K, 4 young (4096K), 4 survivors (4096K)
 Metaspace       used 29452K, committed 29760K, reserved 1081344K
  class space    used 3096K, committed 3200K, reserved 1048576K
}
Event: 73.347 GC heap before
{Heap before GC invocations=22 (full 0):
 garbage-first heap   total 97280K, used 56408K [0x0000000081600000, 0x0000000100000000)
  region size 1024K, 5 young (5120K), 4 survivors (4096K)
 Metaspace       used 29456K, committed 29760K, reserved 1081344K
  class space    used 3096K, committed 3200K, reserved 1048576K
}
Event: 73.374 GC heap after
{Heap after GC invocations=23 (full 0):
 garbage-first heap   total 133120K, used 49626K [0x0000000081600000, 0x0000000100000000)
  region size 1024K, 1 young (1024K), 1 survivors (1024K)
 Metaspace       used 29456K, committed 29760K, reserved 1081344K
  class space    used 3096K, committed 3200K, reserved 1048576K
}
Event: 74.952 GC heap before
{Heap before GC invocations=23 (full 0):
 garbage-first heap   total 133120K, used 101850K [0x0000000081600000, 0x0000000100000000)
  region size 1024K, 52 young (53248K), 1 survivors (1024K)
 Metaspace       used 29490K, committed 29760K, reserved 1081344K
  class space    used 3096K, committed 3200K, reserved 1048576K
}
Event: 74.960 GC heap after
{Heap after GC invocations=24 (full 0):
 garbage-first heap   total 133120K, used 55600K [0x0000000081600000, 0x0000000100000000)
  region size 1024K, 6 young (6144K), 6 survivors (6144K)
 Metaspace       used 29490K, committed 29760K, reserved 1081344K
  class space    used 3096K, committed 3200K, reserved 1048576K
}
Event: 78.237 GC heap before
{Heap before GC invocations=24 (full 0):
 garbage-first heap   total 133120K, used 102704K [0x0000000081600000, 0x0000000100000000)
  region size 1024K, 53 young (54272K), 6 survivors (6144K)
 Metaspace       used 30480K, committed 30720K, reserved 1081344K
  class space    used 3216K, committed 3328K, reserved 1048576K
}
Event: 78.254 GC heap after
{Heap after GC invocations=25 (full 0):
 garbage-first heap   total 133120K, used 63874K [0x0000000081600000, 0x0000000100000000)
  region size 1024K, 7 young (7168K), 7 survivors (7168K)
 Metaspace       used 30480K, committed 30720K, reserved 1081344K
  class space    used 3216K, committed 3328K, reserved 1048576K
}

